[2024-11-13 11:02:06] Visualizações coletadas: [0, 0, 458, 896, 380, 245, 0, 358, 0, 224, 0, 329]
[2024-11-13 11:02:09] Visualizações coletadas: [0, 0, 458, 896, 380, 245, 0, 358, 0, 224, 0, 329, 135, 0, 968, 172, 394, 0, 822, 416, 0, 0, 0, 0]
[2024-11-13 11:02:13] Visualizações coletadas: [0, 0, 458, 896, 380, 245, 0, 358, 0, 224, 0, 329, 135, 0, 968, 172, 394, 0, 822, 416, 0, 0, 0, 0, 0, 0, 0, 0, 0, 0, 0, 894, 0, 0, 0, 878]
[2024-11-13 11:02:18] Iniciando com 16 visualizações para verificar
[2024-11-13 11:02:18] Procurando vídeo com 0 visualizações
[2024-11-13 11:02:18] Procurando vídeo com 0 visualizações
[2024-11-13 11:02:18] Erro ao extrair visualizações: invalid literal for int() with base 10: '908 mil'
Error: invalid literal for int() with base 10: '908 mil'
[2024-11-13 11:02:18] Erro ao extrair visualizações: invalid literal for int() with base 10: '1.738'
Error: invalid literal for int() with base 10: '1.738'
[2024-11-13 11:02:19] Erro ao extrair visualizações: invalid literal for int() with base 10: '1.560'
Error: invalid literal for int() with base 10: '1.560'
[2024-11-13 11:02:19] Erro ao extrair visualizações: invalid literal for int() with base 10: '1.408'
Error: invalid literal for int() with base 10: '1.408'
[2024-11-13 11:02:19] Erro ao extrair visualizações: invalid literal for int() with base 10: '1.702'
Error: invalid literal for int() with base 10: '1.702'
[2024-11-13 11:02:19] Erro ao extrair visualizações: invalid literal for int() with base 10: '1.529'
Error: invalid literal for int() with base 10: '1.529'
[2024-11-13 11:02:19] Erro ao extrair visualizações: invalid literal for int() with base 10: '3.754'
Error: invalid literal for int() with base 10: '3.754'
[2024-11-13 11:02:19] Erro ao extrair visualizações: invalid literal for int() with base 10: '1.753'
Error: invalid literal for int() with base 10: '1.753'
[2024-11-13 11:02:19] Erro ao extrair visualizações: invalid literal for int() with base 10: '1.345'
Error: invalid literal for int() with base 10: '1.345'
[2024-11-13 11:02:19] Erro ao extrair visualizações: invalid literal for int() with base 10: '2.048'
Error: invalid literal for int() with base 10: '2.048'
[2024-11-13 11:02:19] Erro ao extrair visualizações: invalid literal for int() with base 10: '3.042'
Error: invalid literal for int() with base 10: '3.042'
[2024-11-13 11:02:19] Erro ao extrair visualizações: invalid literal for int() with base 10: '1.344'
Error: invalid literal for int() with base 10: '1.344'
[2024-11-13 11:02:19] Erro ao extrair visualizações: invalid literal for int() with base 10: '1.928'
Error: invalid literal for int() with base 10: '1.928'
[2024-11-13 11:02:19] Erro ao extrair visualizações: invalid literal for int() with base 10: '5.107'
Error: invalid literal for int() with base 10: '5.107'
[2024-11-13 11:02:19] Erro ao extrair visualizações: invalid literal for int() with base 10: '1.222'
Error: invalid literal for int() with base 10: '1.222'
[2024-11-13 11:02:19] Erro ao extrair visualizações: invalid literal for int() with base 10: '1.033'
Error: invalid literal for int() with base 10: '1.033'
[2024-11-13 11:02:19] Erro ao extrair visualizações: invalid literal for int() with base 10: '3.114'
Error: invalid literal for int() with base 10: '3.114'
[2024-11-13 11:02:19] Erro ao extrair visualizações: invalid literal for int() with base 10: '1.165'
Error: invalid literal for int() with base 10: '1.165'
[2024-11-13 11:02:19] Nenhum vídeo encontrado com 0 visualizações
[2024-11-13 11:02:19] Vídeo com 0 visualizações não encontrado, tentando scroll
[2024-11-13 11:02:22] Procurando vídeo com 0 visualizações
[2024-11-13 11:02:22] Erro ao extrair visualizações: invalid literal for int() with base 10: '908 mil'
Error: invalid literal for int() with base 10: '908 mil'
[2024-11-13 11:02:22] Erro ao extrair visualizações: invalid literal for int() with base 10: '1.738'
Error: invalid literal for int() with base 10: '1.738'
[2024-11-13 11:02:22] Erro ao extrair visualizações: invalid literal for int() with base 10: '1.560'
Error: invalid literal for int() with base 10: '1.560'
[2024-11-13 11:02:22] Erro ao extrair visualizações: invalid literal for int() with base 10: '1.408'
Error: invalid literal for int() with base 10: '1.408'
[2024-11-13 11:02:22] Erro ao extrair visualizações: invalid literal for int() with base 10: '1.702'
Error: invalid literal for int() with base 10: '1.702'
[2024-11-13 11:02:22] Erro ao extrair visualizações: invalid literal for int() with base 10: '1.529'
Error: invalid literal for int() with base 10: '1.529'
[2024-11-13 11:02:22] Erro ao extrair visualizações: invalid literal for int() with base 10: '3.754'
Error: invalid literal for int() with base 10: '3.754'
[2024-11-13 11:02:22] Erro ao extrair visualizações: invalid literal for int() with base 10: '1.753'
Error: invalid literal for int() with base 10: '1.753'
[2024-11-13 11:02:22] Erro ao extrair visualizações: invalid literal for int() with base 10: '1.345'
Error: invalid literal for int() with base 10: '1.345'
[2024-11-13 11:02:22] Erro ao extrair visualizações: invalid literal for int() with base 10: '2.048'
Error: invalid literal for int() with base 10: '2.048'
[2024-11-13 11:02:22] Erro ao extrair visualizações: invalid literal for int() with base 10: '3.042'
Error: invalid literal for int() with base 10: '3.042'
[2024-11-13 11:02:22] Erro ao extrair visualizações: invalid literal for int() with base 10: '1.344'
Error: invalid literal for int() with base 10: '1.344'
[2024-11-13 11:02:22] Erro ao extrair visualizações: invalid literal for int() with base 10: '1.928'
Error: invalid literal for int() with base 10: '1.928'
[2024-11-13 11:02:22] Erro ao extrair visualizações: invalid literal for int() with base 10: '5.107'
Error: invalid literal for int() with base 10: '5.107'
[2024-11-13 11:02:22] Erro ao extrair visualizações: invalid literal for int() with base 10: '1.222'
Error: invalid literal for int() with base 10: '1.222'
[2024-11-13 11:02:22] Erro ao extrair visualizações: invalid literal for int() with base 10: '1.033'
Error: invalid literal for int() with base 10: '1.033'
[2024-11-13 11:02:22] Erro ao extrair visualizações: invalid literal for int() with base 10: '3.114'
Error: invalid literal for int() with base 10: '3.114'
[2024-11-13 11:02:22] Erro ao extrair visualizações: invalid literal for int() with base 10: '1.165'
Error: invalid literal for int() with base 10: '1.165'
[2024-11-13 11:02:22] Nenhum vídeo encontrado com 0 visualizações
[2024-11-13 11:02:22] Vídeo não encontrado mesmo após scroll, removendo da lista
[2024-11-13 11:02:22] Procurando vídeo com 458 visualizações
[2024-11-13 11:02:22] Procurando vídeo com 458 visualizações
[2024-11-13 11:02:22] Erro ao extrair visualizações: invalid literal for int() with base 10: '908 mil'
Error: invalid literal for int() with base 10: '908 mil'
[2024-11-13 11:02:22] Erro ao extrair visualizações: invalid literal for int() with base 10: '1.738'
Error: invalid literal for int() with base 10: '1.738'
[2024-11-13 11:02:22] Vídeo encontrado com 458 visualizações
[2024-11-13 11:02:22] Tentando clicar no vídeo
[2024-11-13 11:02:26] Data encontrada: 19 de October de 2024
[2024-11-13 11:02:26] Comparando datas - Vídeo: 2024-10-19, Alvo: 2024-10-08
[2024-11-13 11:02:26] Vídeo está dentro do período
[2024-11-13 11:02:26] Vídeo processado: 458 visualizações. Restam 14
[2024-11-13 11:02:28] Procurando vídeo com 896 visualizações
[2024-11-13 11:02:28] Procurando vídeo com 896 visualizações
[2024-11-13 11:02:28] Erro ao extrair visualizações: invalid literal for int() with base 10: '908 mil'
Error: invalid literal for int() with base 10: '908 mil'
[2024-11-13 11:02:28] Erro ao extrair visualizações: invalid literal for int() with base 10: '1.738'
Error: invalid literal for int() with base 10: '1.738'
[2024-11-13 11:02:28] Vídeo encontrado com 896 visualizações
[2024-11-13 11:02:28] Tentando clicar no vídeo
[2024-11-13 11:02:30] Data encontrada: 19 de October de 2024
[2024-11-13 11:02:30] Comparando datas - Vídeo: 2024-10-19, Alvo: 2024-10-08
[2024-11-13 11:02:30] Vídeo está dentro do período
[2024-11-13 11:02:30] Vídeo processado: 896 visualizações. Restam 13
[2024-11-13 11:02:32] Procurando vídeo com 380 visualizações
[2024-11-13 11:02:32] Procurando vídeo com 380 visualizações
[2024-11-13 11:02:32] Erro ao extrair visualizações: invalid literal for int() with base 10: '908 mil'
Error: invalid literal for int() with base 10: '908 mil'
[2024-11-13 11:02:32] Erro ao extrair visualizações: invalid literal for int() with base 10: '1.738'
Error: invalid literal for int() with base 10: '1.738'
[2024-11-13 11:02:32] Vídeo encontrado com 380 visualizações
[2024-11-13 11:02:32] Tentando clicar no vídeo
[2024-11-13 11:02:35] Data encontrada: 19 de October de 2024
[2024-11-13 11:02:35] Comparando datas - Vídeo: 2024-10-19, Alvo: 2024-10-08
[2024-11-13 11:02:35] Vídeo está dentro do período
[2024-11-13 11:02:35] Vídeo processado: 380 visualizações. Restam 12
[2024-11-13 11:02:36] Procurando vídeo com 245 visualizações
[2024-11-13 11:02:36] Procurando vídeo com 245 visualizações
[2024-11-13 11:02:36] Erro ao extrair visualizações: invalid literal for int() with base 10: '908 mil'
Error: invalid literal for int() with base 10: '908 mil'
[2024-11-13 11:02:36] Erro ao extrair visualizações: invalid literal for int() with base 10: '1.738'
Error: invalid literal for int() with base 10: '1.738'
[2024-11-13 11:02:37] Vídeo encontrado com 245 visualizações
[2024-11-13 11:02:37] Tentando clicar no vídeo
[2024-11-13 11:02:41] Data encontrada: 19 de October de 2024
[2024-11-13 11:02:41] Comparando datas - Vídeo: 2024-10-19, Alvo: 2024-10-08
[2024-11-13 11:02:41] Vídeo está dentro do período
[2024-11-13 11:02:41] Vídeo processado: 245 visualizações. Restam 11
[2024-11-13 11:02:42] Procurando vídeo com 358 visualizações
[2024-11-13 11:02:42] Procurando vídeo com 358 visualizações
[2024-11-13 11:02:42] Erro ao extrair visualizações: invalid literal for int() with base 10: '908 mil'
Error: invalid literal for int() with base 10: '908 mil'
[2024-11-13 11:02:42] Erro ao extrair visualizações: invalid literal for int() with base 10: '1.738'
Error: invalid literal for int() with base 10: '1.738'
[2024-11-13 11:02:42] Erro ao extrair visualizações: invalid literal for int() with base 10: '1.560'
Error: invalid literal for int() with base 10: '1.560'
[2024-11-13 11:02:42] Vídeo encontrado com 358 visualizações
[2024-11-13 11:02:42] Tentando clicar no vídeo
[2024-11-13 11:02:46] Data encontrada: 18 de October de 2024
[2024-11-13 11:02:46] Comparando datas - Vídeo: 2024-10-18, Alvo: 2024-10-08
[2024-11-13 11:02:46] Vídeo está dentro do período
[2024-11-13 11:02:46] Vídeo processado: 358 visualizações. Restam 10
[2024-11-13 11:02:47] Procurando vídeo com 224 visualizações
[2024-11-13 11:02:47] Procurando vídeo com 224 visualizações
[2024-11-13 11:02:47] Erro ao extrair visualizações: invalid literal for int() with base 10: '908 mil'
Error: invalid literal for int() with base 10: '908 mil'
[2024-11-13 11:02:47] Erro ao extrair visualizações: invalid literal for int() with base 10: '1.738'
Error: invalid literal for int() with base 10: '1.738'
[2024-11-13 11:02:47] Erro ao extrair visualizações: invalid literal for int() with base 10: '1.560'
Error: invalid literal for int() with base 10: '1.560'
[2024-11-13 11:02:47] Erro ao extrair visualizações: invalid literal for int() with base 10: '1.408'
Error: invalid literal for int() with base 10: '1.408'
[2024-11-13 11:02:47] Vídeo encontrado com 224 visualizações
[2024-11-13 11:02:47] Tentando clicar no vídeo
[2024-11-13 11:02:50] Data encontrada: 18 de October de 2024
[2024-11-13 11:02:50] Comparando datas - Vídeo: 2024-10-18, Alvo: 2024-10-08
[2024-11-13 11:02:50] Vídeo está dentro do período
[2024-11-13 11:02:50] Vídeo processado: 224 visualizações. Restam 9
[2024-11-13 11:02:51] Procurando vídeo com 329 visualizações
[2024-11-13 11:02:52] Procurando vídeo com 329 visualizações
[2024-11-13 11:02:52] Erro ao extrair visualizações: invalid literal for int() with base 10: '908 mil'
Error: invalid literal for int() with base 10: '908 mil'
[2024-11-13 11:02:52] Erro ao extrair visualizações: invalid literal for int() with base 10: '1.738'
Error: invalid literal for int() with base 10: '1.738'
[2024-11-13 11:02:52] Erro ao extrair visualizações: invalid literal for int() with base 10: '1.560'
Error: invalid literal for int() with base 10: '1.560'
[2024-11-13 11:02:52] Erro ao extrair visualizações: invalid literal for int() with base 10: '1.408'
Error: invalid literal for int() with base 10: '1.408'
[2024-11-13 11:02:52] Erro ao extrair visualizações: invalid literal for int() with base 10: '1.702'
Error: invalid literal for int() with base 10: '1.702'
[2024-11-13 11:02:52] Vídeo encontrado com 329 visualizações
[2024-11-13 11:02:52] Tentando clicar no vídeo
[2024-11-13 11:02:54] Data encontrada: 17 de October de 2024
[2024-11-13 11:02:54] Comparando datas - Vídeo: 2024-10-17, Alvo: 2024-10-08
[2024-11-13 11:02:54] Vídeo está dentro do período
[2024-11-13 11:02:54] Vídeo processado: 329 visualizações. Restam 8
[2024-11-13 11:02:55] Procurando vídeo com 135 visualizações
[2024-11-13 11:02:55] Procurando vídeo com 135 visualizações
[2024-11-13 11:02:55] Erro ao extrair visualizações: invalid literal for int() with base 10: '908 mil'
Error: invalid literal for int() with base 10: '908 mil'
[2024-11-13 11:02:55] Erro ao extrair visualizações: invalid literal for int() with base 10: '1.738'
Error: invalid literal for int() with base 10: '1.738'
[2024-11-13 11:02:56] Erro ao extrair visualizações: invalid literal for int() with base 10: '1.560'
Error: invalid literal for int() with base 10: '1.560'
[2024-11-13 11:02:56] Erro ao extrair visualizações: invalid literal for int() with base 10: '1.408'
Error: invalid literal for int() with base 10: '1.408'
[2024-11-13 11:02:56] Erro ao extrair visualizações: invalid literal for int() with base 10: '1.702'
Error: invalid literal for int() with base 10: '1.702'
[2024-11-13 11:02:56] Vídeo encontrado com 135 visualizações
[2024-11-13 11:02:56] Tentando clicar no vídeo
[2024-11-13 11:03:00] Data encontrada: 17 de October de 2024
[2024-11-13 11:03:00] Comparando datas - Vídeo: 2024-10-17, Alvo: 2024-10-08
[2024-11-13 11:03:00] Vídeo está dentro do período
[2024-11-13 11:03:00] Vídeo processado: 135 visualizações. Restam 7
[2024-11-13 11:03:02] Procurando vídeo com 968 visualizações
[2024-11-13 11:03:02] Procurando vídeo com 968 visualizações
[2024-11-13 11:03:02] Erro ao extrair visualizações: invalid literal for int() with base 10: '908 mil'
Error: invalid literal for int() with base 10: '908 mil'
[2024-11-13 11:03:02] Erro ao extrair visualizações: invalid literal for int() with base 10: '1.738'
Error: invalid literal for int() with base 10: '1.738'
[2024-11-13 11:03:03] Erro ao extrair visualizações: invalid literal for int() with base 10: '1.560'
Error: invalid literal for int() with base 10: '1.560'
[2024-11-13 11:03:03] Erro ao extrair visualizações: invalid literal for int() with base 10: '1.408'
Error: invalid literal for int() with base 10: '1.408'
[2024-11-13 11:03:03] Erro ao extrair visualizações: invalid literal for int() with base 10: '1.702'
Error: invalid literal for int() with base 10: '1.702'
[2024-11-13 11:03:03] Erro ao extrair visualizações: invalid literal for int() with base 10: '1.529'
Error: invalid literal for int() with base 10: '1.529'
[2024-11-13 11:03:03] Vídeo encontrado com 968 visualizações
[2024-11-13 11:03:03] Tentando clicar no vídeo
[2024-11-13 11:03:06] Data encontrada: 16 de October de 2024
[2024-11-13 11:03:06] Comparando datas - Vídeo: 2024-10-16, Alvo: 2024-10-08
[2024-11-13 11:03:06] Vídeo está dentro do período
[2024-11-13 11:03:06] Vídeo processado: 968 visualizações. Restam 6
[2024-11-13 11:03:08] Procurando vídeo com 172 visualizações
[2024-11-13 11:03:08] Procurando vídeo com 172 visualizações
[2024-11-13 11:03:09] Erro ao extrair visualizações: invalid literal for int() with base 10: '908 mil'
Error: invalid literal for int() with base 10: '908 mil'
[2024-11-13 11:03:09] Erro ao extrair visualizações: invalid literal for int() with base 10: '1.738'
Error: invalid literal for int() with base 10: '1.738'
[2024-11-13 11:03:09] Erro ao extrair visualizações: invalid literal for int() with base 10: '1.560'
Error: invalid literal for int() with base 10: '1.560'
[2024-11-13 11:03:09] Erro ao extrair visualizações: invalid literal for int() with base 10: '1.408'
Error: invalid literal for int() with base 10: '1.408'
[2024-11-13 11:03:09] Erro ao extrair visualizações: invalid literal for int() with base 10: '1.702'
Error: invalid literal for int() with base 10: '1.702'
[2024-11-13 11:03:09] Erro ao extrair visualizações: invalid literal for int() with base 10: '1.529'
Error: invalid literal for int() with base 10: '1.529'
[2024-11-13 11:03:10] Vídeo encontrado com 172 visualizações
[2024-11-13 11:03:10] Tentando clicar no vídeo
[2024-11-13 11:03:13] Data encontrada: 16 de October de 2024
[2024-11-13 11:03:13] Comparando datas - Vídeo: 2024-10-16, Alvo: 2024-10-08
[2024-11-13 11:03:13] Vídeo está dentro do período
[2024-11-13 11:03:13] Vídeo processado: 172 visualizações. Restam 5
[2024-11-13 11:03:15] Procurando vídeo com 394 visualizações
[2024-11-13 11:03:15] Procurando vídeo com 394 visualizações
[2024-11-13 11:03:15] Erro ao extrair visualizações: invalid literal for int() with base 10: '908 mil'
Error: invalid literal for int() with base 10: '908 mil'
[2024-11-13 11:03:15] Erro ao extrair visualizações: invalid literal for int() with base 10: '1.738'
Error: invalid literal for int() with base 10: '1.738'
[2024-11-13 11:03:16] Erro ao extrair visualizações: invalid literal for int() with base 10: '1.560'
Error: invalid literal for int() with base 10: '1.560'
[2024-11-13 11:03:16] Erro ao extrair visualizações: invalid literal for int() with base 10: '1.408'
Error: invalid literal for int() with base 10: '1.408'
[2024-11-13 11:03:16] Erro ao extrair visualizações: invalid literal for int() with base 10: '1.702'
Error: invalid literal for int() with base 10: '1.702'
[2024-11-13 11:03:16] Erro ao extrair visualizações: invalid literal for int() with base 10: '1.529'
Error: invalid literal for int() with base 10: '1.529'
[2024-11-13 11:03:16] Vídeo encontrado com 394 visualizações
[2024-11-13 11:03:16] Tentando clicar no vídeo
[2024-11-13 11:03:20] Data encontrada: 15 de October de 2024
[2024-11-13 11:03:20] Comparando datas - Vídeo: 2024-10-15, Alvo: 2024-10-08
[2024-11-13 11:03:20] Vídeo está dentro do período
[2024-11-13 11:03:20] Vídeo processado: 394 visualizações. Restam 4
[2024-11-13 11:03:22] Procurando vídeo com 822 visualizações
[2024-11-13 11:03:22] Procurando vídeo com 822 visualizações
[2024-11-13 11:03:22] Erro ao extrair visualizações: invalid literal for int() with base 10: '908 mil'
Error: invalid literal for int() with base 10: '908 mil'
[2024-11-13 11:03:22] Erro ao extrair visualizações: invalid literal for int() with base 10: '1.738'
Error: invalid literal for int() with base 10: '1.738'
[2024-11-13 11:03:23] Erro ao extrair visualizações: invalid literal for int() with base 10: '1.560'
Error: invalid literal for int() with base 10: '1.560'
[2024-11-13 11:03:23] Erro ao extrair visualizações: invalid literal for int() with base 10: '1.408'
Error: invalid literal for int() with base 10: '1.408'
[2024-11-13 11:03:23] Erro ao extrair visualizações: invalid literal for int() with base 10: '1.702'
Error: invalid literal for int() with base 10: '1.702'
[2024-11-13 11:03:23] Erro ao extrair visualizações: invalid literal for int() with base 10: '1.529'
Error: invalid literal for int() with base 10: '1.529'
[2024-11-13 11:03:23] Erro ao extrair visualizações: invalid literal for int() with base 10: '3.754'
Error: invalid literal for int() with base 10: '3.754'
[2024-11-13 11:03:24] Vídeo encontrado com 822 visualizações
[2024-11-13 11:03:24] Tentando clicar no vídeo
[2024-11-13 11:03:26] Data encontrada: 15 de October de 2024
[2024-11-13 11:03:26] Comparando datas - Vídeo: 2024-10-15, Alvo: 2024-10-08
[2024-11-13 11:03:26] Vídeo está dentro do período
[2024-11-13 11:03:26] Vídeo processado: 822 visualizações. Restam 3
[2024-11-13 11:03:28] Procurando vídeo com 416 visualizações
[2024-11-13 11:03:28] Procurando vídeo com 416 visualizações
[2024-11-13 11:03:28] Erro ao extrair visualizações: invalid literal for int() with base 10: '908 mil'
Error: invalid literal for int() with base 10: '908 mil'
[2024-11-13 11:03:28] Erro ao extrair visualizações: invalid literal for int() with base 10: '1.738'
Error: invalid literal for int() with base 10: '1.738'
[2024-11-13 11:03:28] Erro ao extrair visualizações: invalid literal for int() with base 10: '1.560'
Error: invalid literal for int() with base 10: '1.560'
[2024-11-13 11:03:28] Erro ao extrair visualizações: invalid literal for int() with base 10: '1.408'
Error: invalid literal for int() with base 10: '1.408'
[2024-11-13 11:03:29] Erro ao extrair visualizações: invalid literal for int() with base 10: '1.702'
Error: invalid literal for int() with base 10: '1.702'
[2024-11-13 11:03:29] Erro ao extrair visualizações: invalid literal for int() with base 10: '1.529'
Error: invalid literal for int() with base 10: '1.529'
[2024-11-13 11:03:29] Erro ao extrair visualizações: invalid literal for int() with base 10: '3.754'
Error: invalid literal for int() with base 10: '3.754'
[2024-11-13 11:03:29] Vídeo encontrado com 416 visualizações
[2024-11-13 11:03:29] Tentando clicar no vídeo
[2024-11-13 11:03:32] Data encontrada: 14 de October de 2024
[2024-11-13 11:03:32] Comparando datas - Vídeo: 2024-10-14, Alvo: 2024-10-08
[2024-11-13 11:03:32] Vídeo está dentro do período
[2024-11-13 11:03:32] Vídeo processado: 416 visualizações. Restam 2
[2024-11-13 11:03:33] Procurando vídeo com 894 visualizações
[2024-11-13 11:03:33] Procurando vídeo com 894 visualizações
[2024-11-13 11:03:33] Erro ao extrair visualizações: invalid literal for int() with base 10: '908 mil'
Error: invalid literal for int() with base 10: '908 mil'
[2024-11-13 11:03:33] Erro ao extrair visualizações: invalid literal for int() with base 10: '1.738'
Error: invalid literal for int() with base 10: '1.738'
[2024-11-13 11:03:34] Erro ao extrair visualizações: invalid literal for int() with base 10: '1.560'
Error: invalid literal for int() with base 10: '1.560'
[2024-11-13 11:03:34] Erro ao extrair visualizações: invalid literal for int() with base 10: '1.408'
Error: invalid literal for int() with base 10: '1.408'
[2024-11-13 11:03:34] Erro ao extrair visualizações: invalid literal for int() with base 10: '1.702'
Error: invalid literal for int() with base 10: '1.702'
[2024-11-13 11:03:34] Erro ao extrair visualizações: invalid literal for int() with base 10: '1.529'
Error: invalid literal for int() with base 10: '1.529'
[2024-11-13 11:03:35] Erro ao extrair visualizações: invalid literal for int() with base 10: '3.754'
Error: invalid literal for int() with base 10: '3.754'
[2024-11-13 11:03:35] Erro ao extrair visualizações: invalid literal for int() with base 10: '1.753'
Error: invalid literal for int() with base 10: '1.753'
[2024-11-13 11:03:35] Erro ao extrair visualizações: invalid literal for int() with base 10: '1.345'
Error: invalid literal for int() with base 10: '1.345'
[2024-11-13 11:03:35] Erro ao extrair visualizações: invalid literal for int() with base 10: '2.048'
Error: invalid literal for int() with base 10: '2.048'
[2024-11-13 11:03:35] Erro ao extrair visualizações: invalid literal for int() with base 10: '3.042'
Error: invalid literal for int() with base 10: '3.042'
[2024-11-13 11:03:35] Erro ao extrair visualizações: invalid literal for int() with base 10: '1.344'
Error: invalid literal for int() with base 10: '1.344'
[2024-11-13 11:03:35] Erro ao extrair visualizações: invalid literal for int() with base 10: '1.928'
Error: invalid literal for int() with base 10: '1.928'
[2024-11-13 11:03:35] Erro ao extrair visualizações: invalid literal for int() with base 10: '5.107'
Error: invalid literal for int() with base 10: '5.107'
[2024-11-13 11:03:35] Erro ao extrair visualizações: invalid literal for int() with base 10: '1.222'
Error: invalid literal for int() with base 10: '1.222'
[2024-11-13 11:03:36] Erro ao extrair visualizações: invalid literal for int() with base 10: '1.033'
Error: invalid literal for int() with base 10: '1.033'
[2024-11-13 11:03:36] Erro ao extrair visualizações: invalid literal for int() with base 10: '3.114'
Error: invalid literal for int() with base 10: '3.114'
[2024-11-13 11:03:36] Erro ao extrair visualizações: invalid literal for int() with base 10: '1.165'
Error: invalid literal for int() with base 10: '1.165'
[2024-11-13 11:03:36] Vídeo encontrado com 894 visualizações
[2024-11-13 11:03:36] Tentando clicar no vídeo
[2024-11-13 11:03:39] Data encontrada: 09 de October de 2024
[2024-11-13 11:03:39] Comparando datas - Vídeo: 2024-10-09, Alvo: 2024-10-08
[2024-11-13 11:03:39] Vídeo está dentro do período
[2024-11-13 11:03:39] Vídeo processado: 894 visualizações. Restam 1
[2024-11-13 11:03:41] Procurando vídeo com 878 visualizações
[2024-11-13 11:03:41] Procurando vídeo com 878 visualizações
[2024-11-13 11:03:42] Erro ao extrair visualizações: invalid literal for int() with base 10: '908 mil'
Error: invalid literal for int() with base 10: '908 mil'
[2024-11-13 11:03:42] Erro ao extrair visualizações: invalid literal for int() with base 10: '1.738'
Error: invalid literal for int() with base 10: '1.738'
[2024-11-13 11:03:42] Erro ao extrair visualizações: invalid literal for int() with base 10: '1.560'
Error: invalid literal for int() with base 10: '1.560'
[2024-11-13 11:03:42] Erro ao extrair visualizações: invalid literal for int() with base 10: '1.408'
Error: invalid literal for int() with base 10: '1.408'
[2024-11-13 11:03:43] Erro ao extrair visualizações: invalid literal for int() with base 10: '1.702'
Error: invalid literal for int() with base 10: '1.702'
[2024-11-13 11:03:43] Erro ao extrair visualizações: invalid literal for int() with base 10: '1.529'
Error: invalid literal for int() with base 10: '1.529'
[2024-11-13 11:03:43] Erro ao extrair visualizações: invalid literal for int() with base 10: '3.754'
Error: invalid literal for int() with base 10: '3.754'
[2024-11-13 11:03:43] Erro ao extrair visualizações: invalid literal for int() with base 10: '1.753'
Error: invalid literal for int() with base 10: '1.753'
[2024-11-13 11:03:44] Erro ao extrair visualizações: invalid literal for int() with base 10: '1.345'
Error: invalid literal for int() with base 10: '1.345'
[2024-11-13 11:03:44] Erro ao extrair visualizações: invalid literal for int() with base 10: '2.048'
Error: invalid literal for int() with base 10: '2.048'
[2024-11-13 11:03:44] Erro ao extrair visualizações: invalid literal for int() with base 10: '3.042'
Error: invalid literal for int() with base 10: '3.042'
[2024-11-13 11:03:44] Erro ao extrair visualizações: invalid literal for int() with base 10: '1.344'
Error: invalid literal for int() with base 10: '1.344'
[2024-11-13 11:03:44] Erro ao extrair visualizações: invalid literal for int() with base 10: '1.928'
Error: invalid literal for int() with base 10: '1.928'
[2024-11-13 11:03:44] Erro ao extrair visualizações: invalid literal for int() with base 10: '5.107'
Error: invalid literal for int() with base 10: '5.107'
[2024-11-13 11:03:44] Erro ao extrair visualizações: invalid literal for int() with base 10: '1.222'
Error: invalid literal for int() with base 10: '1.222'
[2024-11-13 11:03:44] Erro ao extrair visualizações: invalid literal for int() with base 10: '1.033'
Error: invalid literal for int() with base 10: '1.033'
[2024-11-13 11:03:44] Erro ao extrair visualizações: invalid literal for int() with base 10: '3.114'
Error: invalid literal for int() with base 10: '3.114'
[2024-11-13 11:03:44] Erro ao extrair visualizações: invalid literal for int() with base 10: '1.165'
Error: invalid literal for int() with base 10: '1.165'
[2024-11-13 11:03:45] Nenhum vídeo encontrado com 878 visualizações
[2024-11-13 11:03:45] Vídeo com 878 visualizações não encontrado, tentando scroll
[2024-11-13 11:03:47] Procurando vídeo com 878 visualizações
[2024-11-13 11:03:47] Erro ao extrair visualizações: invalid literal for int() with base 10: '908 mil'
Error: invalid literal for int() with base 10: '908 mil'
[2024-11-13 11:03:47] Erro ao extrair visualizações: invalid literal for int() with base 10: '1.738'
Error: invalid literal for int() with base 10: '1.738'
[2024-11-13 11:03:48] Erro ao extrair visualizações: invalid literal for int() with base 10: '1.560'
Error: invalid literal for int() with base 10: '1.560'
[2024-11-13 11:03:48] Erro ao extrair visualizações: invalid literal for int() with base 10: '1.408'
Error: invalid literal for int() with base 10: '1.408'
[2024-11-13 11:03:48] Erro ao extrair visualizações: invalid literal for int() with base 10: '1.702'
Error: invalid literal for int() with base 10: '1.702'
[2024-11-13 11:03:48] Erro ao extrair visualizações: invalid literal for int() with base 10: '1.529'
Error: invalid literal for int() with base 10: '1.529'
[2024-11-13 11:03:48] Erro ao extrair visualizações: invalid literal for int() with base 10: '3.754'
Error: invalid literal for int() with base 10: '3.754'
[2024-11-13 11:03:49] Erro ao extrair visualizações: invalid literal for int() with base 10: '1.753'
Error: invalid literal for int() with base 10: '1.753'
[2024-11-13 11:03:49] Erro ao extrair visualizações: invalid literal for int() with base 10: '1.345'
Error: invalid literal for int() with base 10: '1.345'
[2024-11-13 11:03:49] Erro ao extrair visualizações: invalid literal for int() with base 10: '2.048'
Error: invalid literal for int() with base 10: '2.048'
[2024-11-13 11:03:49] Erro ao extrair visualizações: invalid literal for int() with base 10: '3.042'
Error: invalid literal for int() with base 10: '3.042'
[2024-11-13 11:03:49] Erro ao extrair visualizações: invalid literal for int() with base 10: '1.344'
Error: invalid literal for int() with base 10: '1.344'
[2024-11-13 11:03:49] Erro ao extrair visualizações: invalid literal for int() with base 10: '1.928'
Error: invalid literal for int() with base 10: '1.928'
[2024-11-13 11:03:49] Erro ao extrair visualizações: invalid literal for int() with base 10: '5.107'
Error: invalid literal for int() with base 10: '5.107'
[2024-11-13 11:03:49] Erro ao extrair visualizações: invalid literal for int() with base 10: '1.222'
Error: invalid literal for int() with base 10: '1.222'
[2024-11-13 11:03:49] Erro ao extrair visualizações: invalid literal for int() with base 10: '1.033'
Error: invalid literal for int() with base 10: '1.033'
[2024-11-13 11:03:49] Erro ao extrair visualizações: invalid literal for int() with base 10: '3.114'
Error: invalid literal for int() with base 10: '3.114'
[2024-11-13 11:03:49] Erro ao extrair visualizações: invalid literal for int() with base 10: '1.165'
Error: invalid literal for int() with base 10: '1.165'
[2024-11-13 11:03:49] Erro ao extrair visualizações: invalid literal for int() with base 10: '3.099'
Error: invalid literal for int() with base 10: '3.099'
[2024-11-13 11:03:49] Erro ao extrair visualizações: invalid literal for int() with base 10: '2.761'
Error: invalid literal for int() with base 10: '2.761'
[2024-11-13 11:03:50] Erro ao extrair visualizações: invalid literal for int() with base 10: '2.797'
Error: invalid literal for int() with base 10: '2.797'
[2024-11-13 11:03:50] Vídeo encontrado com 878 visualizações
[2024-11-13 11:03:50] Tentando clicar no vídeo
[2024-11-13 11:03:53] Data encontrada: 08 de October de 2024
[2024-11-13 11:03:53] Comparando datas - Vídeo: 2024-10-08, Alvo: 2024-10-08
[2024-11-13 11:03:53] Vídeo está dentro do período
[2024-11-13 11:03:53] Vídeo processado: 878 visualizações. Restam 0
[2024-11-13 11:03:54] Finalizado com 15 vídeos validados de 16 originais
[2024-11-13 11:03:57] Visualizações coletadas: [0, 14, 11, 29, 25, 32, 22, 21, 31, 114, 69, 165]
[2024-11-13 11:04:00] Visualizações coletadas: [0, 14, 11, 29, 25, 32, 22, 21, 31, 114, 69, 165, 256, 38, 20, 326, 201, 33, 234, 360, 40, 36, 26, 78]
[2024-11-13 11:04:03] Visualizações coletadas: [0, 14, 11, 29, 25, 32, 22, 21, 31, 114, 69, 165, 256, 38, 20, 326, 201, 33, 234, 360, 40, 36, 26, 78, 127, 273, 149, 259, 24, 41, 196, 206, 35, 785, 190, 225]
[2024-11-13 11:04:06] Visualizações coletadas: [31, 114, 69, 165, 256, 38, 20, 326, 201, 33, 234, 360, 40, 36, 26, 78, 127, 273, 149, 259, 24, 41, 196, 206, 35, 785, 190, 225, 299, 185, 28, 37, 19, 30, 128, 223, 228, 18, 166, 28]
[2024-11-13 11:04:10] Visualizações coletadas: [40, 36, 26, 78, 127, 273, 149, 259, 24, 41, 196, 206, 35, 785, 190, 225, 299, 185, 28, 37, 19, 30, 128, 223, 228, 18, 166, 28, 97, 148, 18, 308, 635, 845, 0, 838, 777, 273, 443, 614]
[2024-11-13 11:04:14] Visualizações coletadas: [35, 785, 190, 225, 299, 185, 28, 37, 19, 30, 128, 223, 228, 18, 166, 28, 97, 148, 18, 308, 635, 845, 0, 838, 777, 273, 443, 614, 0, 185, 33, 577, 412, 93, 171, 32, 0, 129, 499, 99]
[2024-11-13 11:04:19] Visualizações coletadas: [228, 18, 166, 28, 97, 148, 18, 308, 635, 845, 0, 838, 777, 273, 443, 614, 0, 185, 33, 577, 412, 93, 171, 32, 0, 129, 499, 99, 33, 140, 0, 609, 72, 118, 53, 0, 445, 180, 26, 940]
[2024-11-13 11:04:23] Visualizações coletadas: [777, 273, 443, 614, 0, 185, 33, 577, 412, 93, 171, 32, 0, 129, 499, 99, 33, 140, 0, 609, 72, 118, 53, 0, 445, 180, 26, 940, 0, 199, 24, 156, 143, 227, 357, 482, 244, 172, 973, 254]
[2024-11-13 11:04:26] Visualizações coletadas: [0, 129, 499, 99, 33, 140, 0, 609, 72, 118, 53, 0, 445, 180, 26, 940, 0, 199, 24, 156, 143, 227, 357, 482, 244, 172, 973, 254, 227, 183, 176, 279, 139, 0, 25, 19, 16, 99, 23, 50]
[2024-11-13 11:04:31] Visualizações coletadas: [445, 180, 26, 940, 0, 199, 24, 156, 143, 227, 357, 482, 244, 172, 973, 254, 227, 183, 176, 279, 139, 0, 25, 19, 16, 99, 23, 50, 9, 19, 5, 40, 53, 51]
[2024-11-13 11:04:39] Iniciando com 91 visualizações para verificar
[2024-11-13 11:04:39] Procurando vídeo com 0 visualizações
[2024-11-13 11:04:39] Procurando vídeo com 0 visualizações
[2024-11-13 11:04:39] Erro ao extrair visualizações: invalid literal for int() with base 10: '1.974'
Error: invalid literal for int() with base 10: '1.974'
[2024-11-13 11:04:41] Nenhum vídeo encontrado com 0 visualizações
[2024-11-13 11:04:41] Vídeo com 0 visualizações não encontrado, tentando scroll
[2024-11-13 11:04:44] Procurando vídeo com 0 visualizações
[2024-11-13 11:04:44] Erro ao extrair visualizações: invalid literal for int() with base 10: '1.974'
Error: invalid literal for int() with base 10: '1.974'
[2024-11-13 11:04:46] Nenhum vídeo encontrado com 0 visualizações
[2024-11-13 11:04:46] Vídeo não encontrado mesmo após scroll, removendo da lista
[2024-11-13 11:04:46] Procurando vídeo com 14 visualizações
[2024-11-13 11:04:46] Procurando vídeo com 14 visualizações
[2024-11-13 11:04:47] Erro ao extrair visualizações: invalid literal for int() with base 10: '1.974'
Error: invalid literal for int() with base 10: '1.974'
[2024-11-13 11:04:47] Vídeo encontrado com 14 visualizações
[2024-11-13 11:04:47] Tentando clicar no vídeo
[2024-11-13 11:04:50] Data encontrada: 07 de November de 2024
[2024-11-13 11:04:50] Comparando datas - Vídeo: 2024-11-07, Alvo: 2024-10-08
[2024-11-13 11:04:50] Vídeo está dentro do período
[2024-11-13 11:04:50] Vídeo processado: 14 visualizações. Restam 89
[2024-11-13 11:04:52] Procurando vídeo com 11 visualizações
[2024-11-13 11:04:52] Procurando vídeo com 11 visualizações
[2024-11-13 11:04:52] Erro ao extrair visualizações: invalid literal for int() with base 10: '1.974'
Error: invalid literal for int() with base 10: '1.974'
[2024-11-13 11:04:52] Vídeo encontrado com 11 visualizações
[2024-11-13 11:04:52] Tentando clicar no vídeo
[2024-11-13 11:04:55] Data encontrada: 06 de November de 2024
[2024-11-13 11:04:55] Comparando datas - Vídeo: 2024-11-06, Alvo: 2024-10-08
[2024-11-13 11:04:55] Vídeo está dentro do período
[2024-11-13 11:04:55] Vídeo processado: 11 visualizações. Restam 88
[2024-11-13 11:04:57] Procurando vídeo com 29 visualizações
[2024-11-13 11:04:57] Procurando vídeo com 29 visualizações
[2024-11-13 11:04:57] Erro ao extrair visualizações: invalid literal for int() with base 10: '1.974'
Error: invalid literal for int() with base 10: '1.974'
[2024-11-13 11:04:58] Vídeo encontrado com 29 visualizações
[2024-11-13 11:04:58] Tentando clicar no vídeo
[2024-11-13 11:05:01] Data encontrada: 02 de November de 2024
[2024-11-13 11:05:01] Comparando datas - Vídeo: 2024-11-02, Alvo: 2024-10-08
[2024-11-13 11:05:01] Vídeo está dentro do período
[2024-11-13 11:05:01] Vídeo processado: 29 visualizações. Restam 87
[2024-11-13 11:05:02] Procurando vídeo com 25 visualizações
[2024-11-13 11:05:02] Procurando vídeo com 25 visualizações
[2024-11-13 11:05:02] Erro ao extrair visualizações: invalid literal for int() with base 10: '1.974'
Error: invalid literal for int() with base 10: '1.974'
[2024-11-13 11:05:03] Vídeo encontrado com 25 visualizações
[2024-11-13 11:05:03] Tentando clicar no vídeo
[2024-11-13 11:05:06] Data encontrada: 31 de October de 2024
[2024-11-13 11:05:06] Comparando datas - Vídeo: 2024-10-31, Alvo: 2024-10-08
[2024-11-13 11:05:06] Vídeo está dentro do período
[2024-11-13 11:05:06] Vídeo processado: 25 visualizações. Restam 86
[2024-11-13 11:05:07] Procurando vídeo com 32 visualizações
[2024-11-13 11:05:07] Procurando vídeo com 32 visualizações
[2024-11-13 11:05:07] Erro ao extrair visualizações: invalid literal for int() with base 10: '1.974'
Error: invalid literal for int() with base 10: '1.974'
[2024-11-13 11:05:08] Vídeo encontrado com 32 visualizações
[2024-11-13 11:05:08] Tentando clicar no vídeo
[2024-11-13 11:05:11] Data encontrada: 30 de October de 2024
[2024-11-13 11:05:11] Comparando datas - Vídeo: 2024-10-30, Alvo: 2024-10-08
[2024-11-13 11:05:11] Vídeo está dentro do período
[2024-11-13 11:05:11] Vídeo processado: 32 visualizações. Restam 85
[2024-11-13 11:05:12] Procurando vídeo com 22 visualizações
[2024-11-13 11:05:12] Procurando vídeo com 22 visualizações
[2024-11-13 11:05:12] Erro ao extrair visualizações: invalid literal for int() with base 10: '1.974'
Error: invalid literal for int() with base 10: '1.974'
[2024-11-13 11:05:13] Vídeo encontrado com 22 visualizações
[2024-11-13 11:05:13] Tentando clicar no vídeo
[2024-11-13 11:05:17] Data encontrada: 30 de October de 2024
[2024-11-13 11:05:17] Comparando datas - Vídeo: 2024-10-30, Alvo: 2024-10-08
[2024-11-13 11:05:17] Vídeo está dentro do período
[2024-11-13 11:05:17] Vídeo processado: 22 visualizações. Restam 84
[2024-11-13 11:05:18] Procurando vídeo com 21 visualizações
[2024-11-13 11:05:18] Procurando vídeo com 21 visualizações
[2024-11-13 11:05:18] Erro ao extrair visualizações: invalid literal for int() with base 10: '1.974'
Error: invalid literal for int() with base 10: '1.974'
[2024-11-13 11:05:19] Vídeo encontrado com 21 visualizações
[2024-11-13 11:05:19] Tentando clicar no vídeo
[2024-11-13 11:05:22] Data encontrada: 28 de October de 2024
[2024-11-13 11:05:22] Comparando datas - Vídeo: 2024-10-28, Alvo: 2024-10-08
[2024-11-13 11:05:22] Vídeo está dentro do período
[2024-11-13 11:05:22] Vídeo processado: 21 visualizações. Restam 83
[2024-11-13 11:05:24] Procurando vídeo com 31 visualizações
[2024-11-13 11:05:24] Procurando vídeo com 31 visualizações
[2024-11-13 11:05:24] Erro ao extrair visualizações: invalid literal for int() with base 10: '1.974'
Error: invalid literal for int() with base 10: '1.974'
[2024-11-13 11:05:24] Vídeo encontrado com 31 visualizações
[2024-11-13 11:05:24] Tentando clicar no vídeo
[2024-11-13 11:05:26] Data encontrada: 27 de October de 2024
[2024-11-13 11:05:26] Comparando datas - Vídeo: 2024-10-27, Alvo: 2024-10-08
[2024-11-13 11:05:26] Vídeo está dentro do período
[2024-11-13 11:05:26] Vídeo processado: 31 visualizações. Restam 82
[2024-11-13 11:05:28] Procurando vídeo com 114 visualizações
[2024-11-13 11:05:28] Procurando vídeo com 114 visualizações
[2024-11-13 11:05:28] Erro ao extrair visualizações: invalid literal for int() with base 10: '1.974'
Error: invalid literal for int() with base 10: '1.974'
[2024-11-13 11:05:29] Vídeo encontrado com 114 visualizações
[2024-11-13 11:05:29] Tentando clicar no vídeo
[2024-11-13 11:05:31] Data encontrada: 26 de October de 2024
[2024-11-13 11:05:31] Comparando datas - Vídeo: 2024-10-26, Alvo: 2024-10-08
[2024-11-13 11:05:31] Vídeo está dentro do período
[2024-11-13 11:05:31] Vídeo processado: 114 visualizações. Restam 81
[2024-11-13 11:05:33] Procurando vídeo com 69 visualizações
[2024-11-13 11:05:33] Procurando vídeo com 69 visualizações
[2024-11-13 11:05:33] Erro ao extrair visualizações: invalid literal for int() with base 10: '1.974'
Error: invalid literal for int() with base 10: '1.974'
[2024-11-13 11:05:34] Vídeo encontrado com 69 visualizações
[2024-11-13 11:05:34] Tentando clicar no vídeo
[2024-11-13 11:05:37] Data encontrada: 24 de October de 2024
[2024-11-13 11:05:37] Comparando datas - Vídeo: 2024-10-24, Alvo: 2024-10-08
[2024-11-13 11:05:37] Vídeo está dentro do período
[2024-11-13 11:05:37] Vídeo processado: 69 visualizações. Restam 80
[2024-11-13 11:05:39] Procurando vídeo com 165 visualizações
[2024-11-13 11:05:39] Procurando vídeo com 165 visualizações
[2024-11-13 11:05:39] Erro ao extrair visualizações: invalid literal for int() with base 10: '1.974'
Error: invalid literal for int() with base 10: '1.974'
[2024-11-13 11:05:40] Vídeo encontrado com 165 visualizações
[2024-11-13 11:05:40] Tentando clicar no vídeo
[2024-11-13 11:05:42] Data encontrada: 24 de October de 2024
[2024-11-13 11:05:42] Comparando datas - Vídeo: 2024-10-24, Alvo: 2024-10-08
[2024-11-13 11:05:42] Vídeo está dentro do período
[2024-11-13 11:05:42] Vídeo processado: 165 visualizações. Restam 79
[2024-11-13 11:05:44] Procurando vídeo com 256 visualizações
[2024-11-13 11:05:44] Procurando vídeo com 256 visualizações
[2024-11-13 11:05:44] Erro ao extrair visualizações: invalid literal for int() with base 10: '1.974'
Error: invalid literal for int() with base 10: '1.974'
[2024-11-13 11:05:44] Vídeo encontrado com 256 visualizações
[2024-11-13 11:05:44] Tentando clicar no vídeo
[2024-11-13 11:05:47] Data encontrada: 24 de October de 2024
[2024-11-13 11:05:47] Comparando datas - Vídeo: 2024-10-24, Alvo: 2024-10-08
[2024-11-13 11:05:47] Vídeo está dentro do período
[2024-11-13 11:05:47] Vídeo processado: 256 visualizações. Restam 78
[2024-11-13 11:05:49] Procurando vídeo com 38 visualizações
[2024-11-13 11:05:49] Procurando vídeo com 38 visualizações
[2024-11-13 11:05:49] Erro ao extrair visualizações: invalid literal for int() with base 10: '1.974'
Error: invalid literal for int() with base 10: '1.974'
[2024-11-13 11:05:50] Vídeo encontrado com 38 visualizações
[2024-11-13 11:05:50] Tentando clicar no vídeo
[2024-11-13 11:05:53] Data encontrada: 23 de October de 2024
[2024-11-13 11:05:53] Comparando datas - Vídeo: 2024-10-23, Alvo: 2024-10-08
[2024-11-13 11:05:53] Vídeo está dentro do período
[2024-11-13 11:05:53] Vídeo processado: 38 visualizações. Restam 77
[2024-11-13 11:05:55] Procurando vídeo com 20 visualizações
[2024-11-13 11:05:55] Procurando vídeo com 20 visualizações
[2024-11-13 11:05:55] Erro ao extrair visualizações: invalid literal for int() with base 10: '1.974'
Error: invalid literal for int() with base 10: '1.974'
[2024-11-13 11:05:56] Vídeo encontrado com 20 visualizações
[2024-11-13 11:05:56] Tentando clicar no vídeo
[2024-11-13 11:05:58] Data encontrada: 23 de October de 2024
[2024-11-13 11:05:58] Comparando datas - Vídeo: 2024-10-23, Alvo: 2024-10-08
[2024-11-13 11:05:58] Vídeo está dentro do período
[2024-11-13 11:05:58] Vídeo processado: 20 visualizações. Restam 76
[2024-11-13 11:06:00] Procurando vídeo com 326 visualizações
[2024-11-13 11:06:00] Procurando vídeo com 326 visualizações
[2024-11-13 11:06:00] Erro ao extrair visualizações: invalid literal for int() with base 10: '1.974'
Error: invalid literal for int() with base 10: '1.974'
[2024-11-13 11:06:00] Vídeo encontrado com 326 visualizações
[2024-11-13 11:06:00] Tentando clicar no vídeo
[2024-11-13 11:06:04] Data encontrada: 22 de October de 2024
[2024-11-13 11:06:04] Comparando datas - Vídeo: 2024-10-22, Alvo: 2024-10-08
[2024-11-13 11:06:04] Vídeo está dentro do período
[2024-11-13 11:06:04] Vídeo processado: 326 visualizações. Restam 75
[2024-11-13 11:06:05] Procurando vídeo com 201 visualizações
[2024-11-13 11:06:06] Procurando vídeo com 201 visualizações
[2024-11-13 11:06:06] Erro ao extrair visualizações: invalid literal for int() with base 10: '1.974'
Error: invalid literal for int() with base 10: '1.974'
[2024-11-13 11:06:06] Vídeo encontrado com 201 visualizações
[2024-11-13 11:06:06] Tentando clicar no vídeo
[2024-11-13 11:06:10] Data encontrada: 21 de October de 2024
[2024-11-13 11:06:10] Comparando datas - Vídeo: 2024-10-21, Alvo: 2024-10-08
[2024-11-13 11:06:10] Vídeo está dentro do período
[2024-11-13 11:06:10] Vídeo processado: 201 visualizações. Restam 74
[2024-11-13 11:06:12] Procurando vídeo com 33 visualizações
[2024-11-13 11:06:12] Procurando vídeo com 33 visualizações
[2024-11-13 11:06:12] Erro ao extrair visualizações: invalid literal for int() with base 10: '1.974'
Error: invalid literal for int() with base 10: '1.974'
[2024-11-13 11:06:13] Vídeo encontrado com 33 visualizações
[2024-11-13 11:06:13] Tentando clicar no vídeo
[2024-11-13 11:06:26] Data não encontrada, pulando vídeo
[2024-11-13 11:06:27] Procurando vídeo com 234 visualizações
[2024-11-13 11:06:27] Procurando vídeo com 234 visualizações
[2024-11-13 11:06:27] Erro ao extrair visualizações: invalid literal for int() with base 10: '1.974'
Error: invalid literal for int() with base 10: '1.974'
[2024-11-13 11:06:28] Vídeo encontrado com 234 visualizações
[2024-11-13 11:06:28] Tentando clicar no vídeo
[2024-11-13 11:06:41] Data não encontrada, pulando vídeo
[2024-11-13 11:06:43] Procurando vídeo com 360 visualizações
[2024-11-13 11:06:43] Procurando vídeo com 360 visualizações
[2024-11-13 11:06:43] Erro ao extrair visualizações: invalid literal for int() with base 10: '1.974'
Error: invalid literal for int() with base 10: '1.974'
[2024-11-13 11:06:44] Vídeo encontrado com 360 visualizações
[2024-11-13 11:06:44] Tentando clicar no vídeo
[2024-11-13 11:06:58] Data não encontrada, pulando vídeo
[2024-11-13 11:06:59] Procurando vídeo com 40 visualizações
[2024-11-13 11:06:59] Procurando vídeo com 40 visualizações
[2024-11-13 11:06:59] Erro ao extrair visualizações: invalid literal for int() with base 10: '1.974'
Error: invalid literal for int() with base 10: '1.974'
[2024-11-13 11:07:00] Vídeo encontrado com 40 visualizações
[2024-11-13 11:07:00] Tentando clicar no vídeo
[2024-11-13 11:07:13] Data não encontrada, pulando vídeo
[2024-11-13 11:07:15] Procurando vídeo com 36 visualizações
[2024-11-13 11:07:15] Procurando vídeo com 36 visualizações
[2024-11-13 11:07:15] Erro ao extrair visualizações: invalid literal for int() with base 10: '1.974'
Error: invalid literal for int() with base 10: '1.974'
[2024-11-13 11:07:16] Vídeo encontrado com 36 visualizações
[2024-11-13 11:07:16] Tentando clicar no vídeo
[2024-11-13 11:07:21] Data encontrada: 19 de October de 2024
[2024-11-13 11:07:21] Comparando datas - Vídeo: 2024-10-19, Alvo: 2024-10-08
[2024-11-13 11:07:21] Vídeo está dentro do período
[2024-11-13 11:07:21] Vídeo processado: 36 visualizações. Restam 69
[2024-11-13 11:07:22] Procurando vídeo com 26 visualizações
[2024-11-13 11:07:22] Procurando vídeo com 26 visualizações
[2024-11-13 11:07:22] Erro ao extrair visualizações: invalid literal for int() with base 10: '1.974'
Error: invalid literal for int() with base 10: '1.974'
[2024-11-13 11:07:24] Vídeo encontrado com 26 visualizações
[2024-11-13 11:07:24] Tentando clicar no vídeo
[2024-11-13 11:07:27] Data encontrada: 18 de October de 2024
[2024-11-13 11:07:27] Comparando datas - Vídeo: 2024-10-18, Alvo: 2024-10-08
[2024-11-13 11:07:27] Vídeo está dentro do período
[2024-11-13 11:07:27] Vídeo processado: 26 visualizações. Restam 68
