Data da Verificação: 2024-11-13
Usuário: fofoca.geopolitica
Status do Captcha: SUCESSO
Detalhes: O usuário COMPLETOU a verificação do captcha com sucesso.
Horário: 21:46:03
IP: 192.168.15.25

Data da Verificação: 2024-11-13
Usuário: fofoca.geopolitica
Status do Captcha: SUCESSO
Detalhes: O usuário COMPLETOU a verificação do captcha com sucesso.
Horário: 21:48:06
IP: 192.168.15.25

Data da Verificação: 2024-11-14
Usuário: fofoca.geopolitica
Status do Captcha: SUCESSO
Detalhes: O usuário COMPLETOU a verificação do captcha com sucesso.
Horário: 00:01:56
IP: 192.168.15.25

Data da Verificação: 2024-11-14
Usuário: fofoca.geopolitica
Status do Captcha: SUCESSO
Detalhes: O usuário COMPLETOU a verificação do captcha com sucesso.
Horário: 00:07:13
IP: 192.168.15.25

Data da Verificação: 2024-11-14
Usuário: fofoca.geopolitica
Status do Captcha: SUCESSO
Detalhes: O usuário COMPLETOU a verificação do captcha com sucesso.
Horário: 00:19:00
IP: 192.168.15.25

