[2024-11-13 21:45:43] [INFO] [fofoca.geopolitica] Iniciando scraping
[2024-11-13 21:45:56] [INFO] [fofoca.geopolitica] Tentando resolver o CAPTCHA
[2024-11-13 21:46:11] [INFO] Verificando datas dos vídeos para o usuário fofoca.geopolitica...
[2024-11-13 21:46:13] [INFO] Scraping concluído para o usuário: fofoca.geopolitica com 0 visualizações válidas.
[2024-11-13 21:46:13] [INFO] Verificando novamente 1 usuários com 0 visualizações.
[2024-11-13 21:46:13] [INFO] [fofoca.geopolitica] Iniciando scraping
[2024-11-13 21:46:20] [INFO] Verificando datas dos vídeos para o usuário fofoca.geopolitica...
[2024-11-13 21:46:22] [INFO] Scraping concluído para o usuário: fofoca.geopolitica com 0 visualizações válidas.
[2024-11-13 21:46:22] [INFO] Fechando as instâncias do Chrome...
[2024-11-13 21:46:24] [INFO] Tempo total de execução: 66.91 segundos
[2024-11-13 21:47:32] [INFO] [fofoca.geopolitica] Iniciando scraping
[2024-11-13 21:47:59] [INFO] [fofoca.geopolitica] Tentando resolver o CAPTCHA
[2024-11-13 21:48:10] [INFO] Verificando datas dos vídeos para o usuário fofoca.geopolitica...
[2024-11-13 21:48:13] [INFO] Scraping concluído para o usuário: fofoca.geopolitica com 0 visualizações válidas.
[2024-11-13 21:48:13] [INFO] Verificando novamente 1 usuários com 0 visualizações.
[2024-11-13 21:48:13] [INFO] [fofoca.geopolitica] Iniciando scraping
[2024-11-13 21:48:19] [INFO] Verificando datas dos vídeos para o usuário fofoca.geopolitica...
[2024-11-13 21:48:21] [INFO] Scraping concluído para o usuário: fofoca.geopolitica com 0 visualizações válidas.
[2024-11-13 21:48:21] [INFO] Fechando as instâncias do Chrome...
[2024-11-13 21:48:23] [INFO] Tempo total de execução: 87.85 segundos
[2024-11-14 00:01:41] [INFO] [fofoca.geopolitica] Iniciando scraping
[2024-11-14 00:01:50] [INFO] [fofoca.geopolitica] Tentando resolver o CAPTCHA
[2024-11-14 00:02:01] [INFO] Verificando datas dos vídeos para o usuário fofoca.geopolitica...
[2024-11-14 00:02:04] [INFO] Scraping concluído para o usuário: fofoca.geopolitica com 0 visualizações válidas.
[2024-11-14 00:02:04] [INFO] Verificando novamente 1 usuários com 0 visualizações.
[2024-11-14 00:02:04] [INFO] [fofoca.geopolitica] Iniciando scraping
[2024-11-14 00:02:12] [INFO] Verificando datas dos vídeos para o usuário fofoca.geopolitica...
[2024-11-14 00:02:14] [INFO] Scraping concluído para o usuário: fofoca.geopolitica com 0 visualizações válidas.
[2024-11-14 00:02:14] [INFO] Fechando as instâncias do Chrome...
[2024-11-14 00:02:17] [INFO] Tempo total de execução: 70.83 segundos
[2024-11-14 00:06:52] [INFO] [fofoca.geopolitica] Iniciando scraping
[2024-11-14 00:07:04] [INFO] [fofoca.geopolitica] Tentando resolver o CAPTCHA
[2024-11-14 00:07:19] [INFO] Verificando datas dos vídeos para o usuário fofoca.geopolitica...
[2024-11-14 00:07:23] [INFO] Scraping concluído para o usuário: fofoca.geopolitica com 0 visualizações válidas.
[2024-11-14 00:07:23] [INFO] Verificando novamente 1 usuários com 0 visualizações.
[2024-11-14 00:07:23] [INFO] [fofoca.geopolitica] Iniciando scraping
[2024-11-14 00:07:31] [INFO] Verificando datas dos vídeos para o usuário fofoca.geopolitica...
[2024-11-14 00:07:34] [INFO] Scraping concluído para o usuário: fofoca.geopolitica com 0 visualizações válidas.
[2024-11-14 00:07:34] [INFO] Fechando as instâncias do Chrome...
[2024-11-14 00:07:36] [INFO] Tempo total de execução: 61.47 segundos
[2024-11-14 00:18:43] [INFO] [fofoca.geopolitica] Iniciando scraping
[2024-11-14 00:18:52] [INFO] [fofoca.geopolitica] Tentando resolver o CAPTCHA
[2024-11-14 00:19:37] [INFO] Verificando datas dos vídeos para o usuário fofoca.geopoliticaa...
[2024-11-14 00:19:50] [INFO] Scraping concluído para o usuário: fofoca.geopoliticaa com 0 visualizações válidas.
[2024-11-14 00:19:50] [INFO] Verificando novamente 1 usuários com 0 visualizações.
[2024-11-14 00:19:50] [INFO] [fofoca.geopoliticaa] Iniciando scraping
[2024-11-14 00:20:32] [INFO] Verificando datas dos vídeos para o usuário fofoca.geopoliticaaa...
[2024-11-14 00:20:45] [INFO] Scraping concluído para o usuário: fofoca.geopoliticaaa com 0 visualizações válidas.
[2024-11-14 00:20:45] [INFO] Fechando as instâncias do Chrome...
[2024-11-14 00:20:48] [INFO] Tempo total de execução: 146.67 segundos
